

в░»в░Џв░ўьЃђвІцв┐ї
вФЃьё░ьё░в▓ѕв▓ІВ▓ўьЮг

https://github.com/ghudegy/2019/blob/master/files/emoji-8.in
ВюавІѕВйћвЊювЦ╝ ьЁїВіцьіИьЋўвіћ :cat:.
ВЋё:cat:
:cat:ВЋё
:ВЋё:cat:
:В║Б:
:сЁісЁЂсЁЁ:
:catВЋё:
:cat:ВЋё:dog:
:dog:ВЋё:cat:
:№╝Б№╝А№╝┤:
:№╝Бat:
:CAT:
:c├цt:
`­Ъљ▒`
```­Ъљ▒```
:╬Њ╬г¤ё╬▒:
:сЃЇсѓ│:
:уїФ:
:ЯфгЯф┐Яф▓ЯфЙЯфАЯФђ:
№ий
Я»х­њљФ­фџЦ­њљЕ­њѕЎ­њЁї­њѕЊрђфЖДёЯ»ИРђ▒
aaaaaaaaaaaaaaaaaaaaaaaaa:cat:
ВЋёВЋёВЋёВЋёВЋёВЋёВЋёВЋёВЋёВЋёВЋёВЋёВЋёВЋёВЋёВЋёВЋёВЋёВЋёВЋёВЋёВЋёВЋёВЋёВЋё:cat:
№ий№ий№ий№ий№ий№ий№ий№ий№ий№ий№ий№ий№ий№ий№ий№ий№ий№ий№ий№ий№ий№ий№ий№ий№ий:cat:


­Ъцд
